[01m[K/home/jw/robot/ros_ws/src/ExaRobot_ROS2/realsense-ros/realsense2_camera/src/base_realsense_node.cpp:[m[K In member function â€˜[01m[Krealsense2_camera_msgs::msg::Extrinsics realsense2_camera::BaseRealSenseNode::rsExtrinsicsToMsg(const rs2_extrinsics&, const string&) const[m[Kâ€™:
[01m[K/home/jw/robot/ros_ws/src/ExaRobot_ROS2/realsense-ros/realsense2_camera/src/base_realsense_node.cpp:2578:19:[m[K [01;31m[Kerror: [m[Kâ€˜[01m[Kusing Extrinsics = struct realsense2_camera_msgs::msg::Extrinsics_<std::allocator<void> >[m[Kâ€™ {aka â€˜[01m[Kstruct realsense2_camera_msgs::msg::Extrinsics_<std::allocator<void> >[m[Kâ€™} has no member named â€˜[01m[Kheader[m[Kâ€™
 2578 |     extrinsicsMsg.[01;31m[Kheader[m[K.frame_id = frame_id;
      |                   [01;31m[K^~~~~~[m[K
make[2]: *** [CMakeFiles/realsense2_camera.dir/build.make:76: CMakeFiles/realsense2_camera.dir/src/base_realsense_node.cpp.o] Error 1
make[1]: *** [CMakeFiles/Makefile2:107: CMakeFiles/realsense2_camera.dir/all] Error 2
make: *** [Makefile:141: all] Error 2
