[0.073s] Invoking command in '/home/jw/robot/ros_ws/build/realsense2_camera': CMAKE_PREFIX_PATH=/home/jw/robot/ros_ws/install/realsense2_camera_msgs:/home/jw/robot/ros_ws/install/ydlidar_ros2_driver:/home/jw/robot/ros_ws/install/velocity_smoother:/home/jw/robot/ros_ws/install/urg_node:/home/jw/robot/ros_ws/install/teb_local_planner:/home/jw/robot/ros_ws/install/teb_msgs:/home/jw/robot/ros_ws/install/realsense2_description:/home/jw/robot/ros_ws/install/realsense2_camera:/home/jw/robot/ros_ws/install/costmap_converter:/home/jw/robot/ros_ws/install/costmap_converter_msgs:/home/jw/robot/ros_ws/install/exa_robot:/opt/ros/galactic LD_LIBRARY_PATH=/home/jw/robot/ros_ws/install/realsense2_camera_msgs/lib:/home/jw/robot/ros_ws/install/velocity_smoother/lib:/home/jw/robot/ros_ws/install/urg_node/lib:/home/jw/robot/ros_ws/install/teb_local_planner/lib:/home/jw/robot/ros_ws/install/teb_msgs/lib:/home/jw/robot/ros_ws/install/realsense2_camera/lib:/home/jw/robot/ros_ws/install/costmap_converter/lib:/home/jw/robot/ros_ws/install/costmap_converter_msgs/lib:/opt/ros/galactic/opt/yaml_cpp_vendor/lib:/opt/ros/galactic/opt/rviz_ogre_vendor/lib:/opt/ros/galactic/lib/x86_64-linux-gnu:/opt/ros/galactic/lib PYTHONPATH=/home/jw/robot/ros_ws/install/realsense2_camera_msgs/lib/python3.8/site-packages:/home/jw/robot/ros_ws/install/teb_msgs/lib/python3.8/site-packages:/home/jw/robot/ros_ws/install/exa_robot/lib/python3.8/site-packages:/home/jw/robot/ros_ws/install/costmap_converter_msgs/lib/python3.8/site-packages:/opt/ros/galactic/lib/python3.8/site-packages /usr/bin/cmake --build /home/jw/robot/ros_ws/build/realsense2_camera -- -j12 -l12
[0.170s] [35m[1mScanning dependencies of target realsense2_camera[0m
[0.172s] [ 12%] Built target realsense2_camera_node
[0.270s] make[2]: *** No rule to make target '/home/jw/robot/ros_ws/src/ExaRobot_ROS2/realsense-ros/realsense2_camera/src/parameters.cpp', needed by 'CMakeFiles/realsense2_camera.dir/src/parameters.cpp.o'.  Stop.
[0.270s] make[2]: *** Waiting for unfinished jobs....
[0.279s] [ 25%] [32mBuilding CXX object CMakeFiles/realsense2_camera.dir/src/realsense_node_factory.cpp.o[0m
[0.279s] [ 25%] [32mBuilding CXX object CMakeFiles/realsense2_camera.dir/src/t265_realsense_node.cpp.o[0m
[0.281s] [ 31%] [32mBuilding CXX object CMakeFiles/realsense2_camera.dir/src/base_realsense_node.cpp.o[0m
[4.465s] [01m[K/home/jw/robot/ros_ws/src/ExaRobot_ROS2/realsense-ros/realsense2_camera/src/base_realsense_node.cpp:[m[K In member function â€˜[01m[Krealsense2_camera_msgs::msg::Extrinsics realsense2_camera::BaseRealSenseNode::rsExtrinsicsToMsg(const rs2_extrinsics&, const string&) const[m[Kâ€™:
[4.465s] [01m[K/home/jw/robot/ros_ws/src/ExaRobot_ROS2/realsense-ros/realsense2_camera/src/base_realsense_node.cpp:2578:19:[m[K [01;31m[Kerror: [m[Kâ€˜[01m[Kusing Extrinsics = struct realsense2_camera_msgs::msg::Extrinsics_<std::allocator<void> >[m[Kâ€™ {aka â€˜[01m[Kstruct realsense2_camera_msgs::msg::Extrinsics_<std::allocator<void> >[m[Kâ€™} has no member named â€˜[01m[Kheader[m[Kâ€™
[4.465s]  2578 |     extrinsicsMsg.[01;31m[Kheader[m[K.frame_id = frame_id;
[4.466s]       |                   [01;31m[K^~~~~~[m[K
[8.498s] make[2]: *** [CMakeFiles/realsense2_camera.dir/build.make:76: CMakeFiles/realsense2_camera.dir/src/base_realsense_node.cpp.o] Error 1
[11.443s] make[1]: *** [CMakeFiles/Makefile2:107: CMakeFiles/realsense2_camera.dir/all] Error 2
[11.443s] make: *** [Makefile:141: all] Error 2
[11.445s] Invoked command in '/home/jw/robot/ros_ws/build/realsense2_camera' returned '2': CMAKE_PREFIX_PATH=/home/jw/robot/ros_ws/install/realsense2_camera_msgs:/home/jw/robot/ros_ws/install/ydlidar_ros2_driver:/home/jw/robot/ros_ws/install/velocity_smoother:/home/jw/robot/ros_ws/install/urg_node:/home/jw/robot/ros_ws/install/teb_local_planner:/home/jw/robot/ros_ws/install/teb_msgs:/home/jw/robot/ros_ws/install/realsense2_description:/home/jw/robot/ros_ws/install/realsense2_camera:/home/jw/robot/ros_ws/install/costmap_converter:/home/jw/robot/ros_ws/install/costmap_converter_msgs:/home/jw/robot/ros_ws/install/exa_robot:/opt/ros/galactic LD_LIBRARY_PATH=/home/jw/robot/ros_ws/install/realsense2_camera_msgs/lib:/home/jw/robot/ros_ws/install/velocity_smoother/lib:/home/jw/robot/ros_ws/install/urg_node/lib:/home/jw/robot/ros_ws/install/teb_local_planner/lib:/home/jw/robot/ros_ws/install/teb_msgs/lib:/home/jw/robot/ros_ws/install/realsense2_camera/lib:/home/jw/robot/ros_ws/install/costmap_converter/lib:/home/jw/robot/ros_ws/install/costmap_converter_msgs/lib:/opt/ros/galactic/opt/yaml_cpp_vendor/lib:/opt/ros/galactic/opt/rviz_ogre_vendor/lib:/opt/ros/galactic/lib/x86_64-linux-gnu:/opt/ros/galactic/lib PYTHONPATH=/home/jw/robot/ros_ws/install/realsense2_camera_msgs/lib/python3.8/site-packages:/home/jw/robot/ros_ws/install/teb_msgs/lib/python3.8/site-packages:/home/jw/robot/ros_ws/install/exa_robot/lib/python3.8/site-packages:/home/jw/robot/ros_ws/install/costmap_converter_msgs/lib/python3.8/site-packages:/opt/ros/galactic/lib/python3.8/site-packages /usr/bin/cmake --build /home/jw/robot/ros_ws/build/realsense2_camera -- -j12 -l12
